[debug] [2022-03-25T21:53:11.004Z] ----------------------------------------------------------------------
[debug] [2022-03-25T21:53:11.007Z] Command:       /usr/local/bin/node /usr/local/bin/firebase init
[debug] [2022-03-25T21:53:11.007Z] CLI Version:   10.5.0
[debug] [2022-03-25T21:53:11.007Z] Platform:      darwin
[debug] [2022-03-25T21:53:11.007Z] Node Version:  v14.17.3
[debug] [2022-03-25T21:53:11.013Z] Time:          Fri Mar 25 2022 14:53:11 GMT-0700 (Pacific Daylight Time)
[debug] [2022-03-25T21:53:11.013Z] ----------------------------------------------------------------------
[debug] 
[debug] [2022-03-25T21:53:11.077Z] > command requires scopes: ["email","openid","https://www.googleapis.com/auth/cloudplatformprojects.readonly","https://www.googleapis.com/auth/firebase","https://www.googleapis.com/auth/cloud-platform"]
[debug] [2022-03-25T21:53:11.077Z] > authorizing via signed-in user (chiuwingyin@gmail.com)
[info] 
     ######## #### ########  ######## ########     ###     ######  ########
     ##        ##  ##     ## ##       ##     ##  ##   ##  ##       ##
     ######    ##  ########  ######   ########  #########  ######  ######
     ##        ##  ##    ##  ##       ##     ## ##     ##       ## ##
     ##       #### ##     ## ######## ########  ##     ##  ######  ########

You're about to initialize a Firebase project in this directory:

  /Users/reneec/Desktop/portfolioweb

Before we get started, keep in mind:

  * You are initializing within an existing Firebase project directory

